<?xml version="1.0" encoding="UTF-8"?>
<testng-results ignored="0" total="1" passed="1" failed="0" skipped="0">
  <reporter-output>
  </reporter-output>
  <suite started-at="2022-09-15T18:24:00 BOT" name="Default suite" finished-at="2022-09-15T18:24:00 BOT" duration-ms="87">
    <groups>
    </groups>
    <test started-at="2022-09-15T18:24:00 BOT" name="Default test" finished-at="2022-09-15T18:24:00 BOT" duration-ms="87">
      <class name="NewTest">
        <test-method signature="f()[pri:0, instance:NewTest@78e117e3]" started-at="2022-09-15T18:24:00 BOT" name="f" finished-at="2022-09-15T18:24:00 BOT" duration-ms="25" status="PASS">
          <reporter-output>
          </reporter-output>
        </test-method> <!-- f -->
      </class> <!-- NewTest -->
    </test> <!-- Default test -->
  </suite> <!-- Default suite -->
</testng-results>
